<?xml version="1.0" encoding="UTF-8"?>
<!-- Generated by org.testng.reporters.JUnitReportReporter -->
<testsuite hostname="DESKTOP-MCNBSPV" failures="0" tests="1" name="Example_Topics.WorkBook" time="5.997" errors="0" timestamp="2023-01-31T11:45:14 IST" skipped="0">
  <testcase classname="Example_Topics.WorkBook" name="name" time="5.997"/>
  <system-out/>
</testsuite> <!-- Example_Topics.WorkBook -->
