<?xml version="1.0" encoding="UTF-8"?>
<!-- Generated by org.testng.reporters.JUnitReportReporter -->
<testsuite hostname="DESKTOP-MCNBSPV" failures="0" tests="1" name="Product_Practise.Colounm_Pages_Test" time="6.143" errors="0" timestamp="2023-01-25T09:46:13 IST" skipped="0">
  <testcase classname="Product_Practise.Colounm_Pages_Test" name="Test_case07" time="6.143"/>
  <system-out/>
</testsuite> <!-- Product_Practise.Colounm_Pages_Test -->
