<?xml version="1.0" encoding="UTF-8"?>
<!-- Generated by org.testng.reporters.JUnitReportReporter -->
<testsuite hostname="DESKTOP-MCNBSPV" failures="0" tests="1" name="Product_Practise.Dashboards_Test" time="18.061" errors="0" timestamp="2023-01-24T18:10:25 IST" skipped="0">
  <testcase classname="Product_Practise.Dashboards_Test" name="Test_case5" time="18.061"/>
  <system-out/>
</testsuite> <!-- Product_Practise.Dashboards_Test -->
