<?xml version="1.0" encoding="UTF-8"?>
<!-- Generated by org.testng.reporters.JUnitReportReporter -->
<testsuite hostname="DESKTOP-MCNBSPV" failures="0" tests="1" name="Product_Practise.Sharing_Pages_TEst" time="8.435" errors="0" timestamp="2023-01-27T12:26:12 IST" skipped="0">
  <testcase classname="Product_Practise.Sharing_Pages_TEst" name="Test_case10" time="8.435"/>
  <system-out/>
</testsuite> <!-- Product_Practise.Sharing_Pages_TEst -->
