<?xml version="1.0" encoding="UTF-8"?>
<!-- Generated by org.testng.reporters.JUnitReportReporter -->
<testsuite hostname="DESKTOP-MCNBSPV" failures="0" tests="1" name="Product_Practise.Login_Page" time="3.544" errors="0" timestamp="2023-01-24T12:57:06 IST" skipped="0">
  <testcase classname="Product_Practise.Login_Page" name="Test_case1" time="3.544"/>
  <system-out/>
</testsuite> <!-- Product_Practise.Login_Page -->
