<?xml version="1.0" encoding="UTF-8"?>
<!-- Generated by org.testng.reporters.JUnitReportReporter -->
<testsuite hostname="DESKTOP-MCNBSPV" failures="0" tests="1" name="Product_Practise.New_Project_Test" time="11.108" errors="0" timestamp="2023-01-27T11:20:08 IST" skipped="0">
  <testcase classname="Product_Practise.New_Project_Test" name="Test_case3" time="11.108"/>
  <system-out/>
</testsuite> <!-- Product_Practise.New_Project_Test -->
