<?xml version="1.0" encoding="UTF-8"?>
<!-- Generated by org.testng.reporters.JUnitReportReporter -->
<testsuite hostname="DESKTOP-MCNBSPV" failures="0" tests="1" name="Product_Practise.Home_Notebook_Test" time="5.689" errors="0" timestamp="2023-01-24T14:49:54 IST" skipped="0">
  <testcase classname="Product_Practise.Home_Notebook_Test" name="Test_Case2" time="5.689"/>
  <system-out/>
</testsuite> <!-- Product_Practise.Home_Notebook_Test -->
