<?xml version="1.0" encoding="UTF-8"?>
<!-- Generated by org.testng.reporters.JUnitReportReporter -->
<testsuite hostname="DESKTOP-MCNBSPV" failures="0" tests="1" name="Product_Practise.Email_Search_Test" time="16.633" errors="0" timestamp="2023-01-24T17:54:08 IST" skipped="0">
  <testcase classname="Product_Practise.Email_Search_Test" name="Test_case06" time="16.633"/>
  <system-out/>
</testsuite> <!-- Product_Practise.Email_Search_Test -->
