<?xml version="1.0" encoding="UTF-8"?>
<!-- Generated by org.testng.reporters.JUnitReportReporter -->
<testsuite hostname="DESKTOP-MCNBSPV" failures="0" tests="1" name="Product_Practise.Search_Tickets_Test" time="6.988" errors="0" timestamp="2023-01-27T11:42:02 IST" skipped="0">
  <testcase classname="Product_Practise.Search_Tickets_Test" name="Testcase_13" time="6.988"/>
  <system-out/>
</testsuite> <!-- Product_Practise.Search_Tickets_Test -->
