<?xml version="1.0" encoding="UTF-8"?>
<!-- Generated by org.testng.reporters.JUnitReportReporter -->
<testsuite hostname="DESKTOP-MCNBSPV" failures="0" tests="1" name="Product_Practise.Tickets_Setting_Test" time="14.609" errors="0" timestamp="2023-01-27T11:57:55 IST" skipped="0">
  <testcase classname="Product_Practise.Tickets_Setting_Test" name="Testcase_12" time="14.609"/>
  <system-out/>
</testsuite> <!-- Product_Practise.Tickets_Setting_Test -->
