<?xml version="1.0" encoding="UTF-8"?>
<!-- Generated by org.testng.reporters.JUnitReportReporter -->
<testsuite hostname="DESKTOP-MCNBSPV" failures="0" tests="1" name="Product_Practise.Login_Page_Test" time="5.224" errors="0" timestamp="2023-01-24T18:04:53 IST" skipped="0">
  <testcase classname="Product_Practise.Login_Page_Test" name="Test_case1" time="5.224"/>
  <system-out/>
</testsuite> <!-- Product_Practise.Login_Page_Test -->
