<?xml version="1.0" encoding="UTF-8"?>
<!-- Generated by org.testng.reporters.JUnitReportReporter -->
<testsuite hostname="DESKTOP-MCNBSPV" failures="0" tests="1" name="Product_Practise.World_Clock_Test" time="6.678" errors="0" timestamp="2023-01-25T11:22:56 IST" skipped="0">
  <testcase classname="Product_Practise.World_Clock_Test" name="Testcase_009" time="6.678"/>
  <system-out/>
</testsuite> <!-- Product_Practise.World_Clock_Test -->
