<?xml version="1.0" encoding="UTF-8"?>
<!-- Generated by org.testng.reporters.JUnitReportReporter -->
<testsuite hostname="DESKTOP-MCNBSPV" failures="0" tests="1" name="Product_Practise.Trouble_Tickets" time="11.738" errors="0" timestamp="2023-01-25T13:09:27 IST" skipped="0">
  <testcase classname="Product_Practise.Trouble_Tickets" name="Testcase_11" time="11.738"/>
  <system-out/>
</testsuite> <!-- Product_Practise.Trouble_Tickets -->
